

Number of valid iterations:
	TD[pop=0]	Fs[pop=0]	FDn[pop=0]	FFn[pop=0]	FD[pop=0]	FF[pop=0]	H[pop=0]	B[pop=0]	Q[pop=0]	ZnA[pop=0]	Fst[pop=0]	Kw[pop=0]	Hw[pop=0]	R2[pop=0]	S[pop=0]	piw[pop=0]	pib[pop=0]	ThetaW[pop=0]	ThetaT[pop=0]	ThetaFW[pop=0]	D_Dmin[pop=0]	H_norm[pop=0]	maxhap[pop=0]	maxhap1[pop=0]	Rm[pop=0]	ThetaFL[pop=0]	ThetaL[pop=0]	ZengE[pop=0]	EW[pop=0]	Fstw[pop=0]	minuiHS[pop=0]	maxuiHS[pop=0]	maxliES[pop=0]	fixoutg[pop=0]	KoutgJC[pop=0]	ThetaWA[pop=0]	ThetaWAn[pop=0]	ThetaTA[pop=0]	ThetaTAn[pop=0]	AchY[pop=0]	AchYn[pop=0]	msdev[pop=0]	mskew[pop=0]	mkurt[pop=0]	ragg[pop=0]	ZnS[pop=0]	ZZ[pop=0]
locus_0	500	500	500	500	500	500	500	500	500	500	0	500	500	500	500	500	500	500	500	500	500	500	500	0	500	500	500	500	500	0	0	0	0	0	0	500	500	500	500	500	500	500	500	500	500	500	500
average	500	500	500	500	500	500	500	500	500	500	0	500	500	500	500	500	500	500	500	500	500	500	500	0	500	500	500	500	500	0	0	0	0	0	0	500	500	500	500	500	500	500	500	500	500	500	500
variance	0	0	0	0	0	0	0	0	0	0	0	0	0	0	0	0	0	0	0	0	0	0	0	0	0	0	0	0	0	0	0	0	0	0	0	0	0	0	0	0	0	0	0	0	0	0	0

PERCENTILES:

locus_0

	TD[pop=0]	Fs[pop=0]	FDn[pop=0]	FFn[pop=0]	FD[pop=0]	FF[pop=0]	H[pop=0]	B[pop=0]	Q[pop=0]	ZnA[pop=0]	Fst[pop=0]	Kw[pop=0]	Hw[pop=0]	R2[pop=0]	S[pop=0]	piw[pop=0]	pib[pop=0]	ThetaW[pop=0]	ThetaT[pop=0]	ThetaFW[pop=0]	D_Dmin[pop=0]	H_norm[pop=0]	maxhap[pop=0]	maxhap1[pop=0]	Rm[pop=0]	ThetaFL[pop=0]	ThetaL[pop=0]	ZengE[pop=0]	EW[pop=0]	Fstw[pop=0]	minuiHS[pop=0]	maxuiHS[pop=0]	maxliES[pop=0]	fixoutg[pop=0]	KoutgJC[pop=0]	ThetaWA[pop=0]	ThetaWAn[pop=0]	ThetaTA[pop=0]	ThetaTAn[pop=0]	AchY[pop=0]	AchYn[pop=0]	msdev[pop=0]	mskew[pop=0]	mkurt[pop=0]	ragg[pop=0]	ZnS[pop=0]	ZZ[pop=0]
 0.05%	na	na	na	na	na	na	na	na	na	na	na	na	na	na	na	na	na	na	na	na	na	na	na	na	na	na	na	na	na	na	na	na	na	na	na	na	na	na	na	na	na	na	na	na	na	na	na
 0.5%	-0.984874	-18.1673	-1.22679	-1.23253	-1.36827	-1.34149	-7.97895	0	0	0.0237504	na	19	0.994737	0.085263	21	5.58421	0	5.91926	5.58421	3.11579	-0.390281	-1.42642	0.05	na	8	3	4.52632	-1.19253	0.05	na	na	na	na	na	na	5.49507	5.2102	5.23977	5.15882	-0.854897	-0.933638	1.76706	-0.287038	-0.768614	0.00808864	0.0423424	-0.0298529
 2.5%	-0.676285	-16.8586	-0.908735	-0.888976	-1.10978	-0.957319	-5.48421	0	0	0.0285158	na	20	1	0.0988182	24	6.11579	0	6.76487	6.11579	4.37368	-0.264945	-0.948648	0.05	na	10	4	5.47368	-1.0192	0.05	na	na	na	na	na	na	6.28008	6.41255	6.0117	5.93529	-0.678032	-0.687342	1.89889	-0.216151	-0.641071	0.00919668	0.045641	-0.024628
 5.0%	-0.553768	-16.1571	-0.702296	-0.668812	-0.855269	-0.794191	-3.89474	0	0	0.03205	na	20	1	0.104311	25	6.64474	0	7.04674	6.64474	4.97895	-0.217969	-0.650288	0.05	na	10	5	6.10526	-0.891273	0.05	na	na	na	na	na	na	6.67258	6.81333	6.42105	6.37353	-0.567421	-0.606787	2.01176	-0.170257	-0.570953	0.0098615	0.0467896	-0.0205924
10.0%	-0.434597	-15.0242	-0.525361	-0.477353	-0.620845	-0.576359	-2.8	0	0	0.0354471	na	20	1	0.109527	27	7.39474	0	7.61048	7.39474	6	-0.171454	-0.518187	0.05	na	12	6	7.02632	-0.661829	0.05	na	na	na	na	na	na	7.45759	7.6149	7.19298	7.17647	-0.480344	-0.473472	2.12399	-0.111311	-0.49624	0.0111911	0.0482021	-0.0175379
25.0%	-0.204463	-13.6858	-0.206205	-0.19261	-0.239693	-0.226836	-1.27895	0	0	0.0419705	na	20	1	0.119357	31	8.65789	0	8.73796	8.65789	7.55	-0.0798655	-0.221781	0.05	na	14	7	8.26316	-0.360204	0.05	na	na	na	na	na	na	8.63511	8.81725	8.73684	8.73529	-0.225408	-0.247797	2.29171	-0.0163024	-0.373739	0.0139058	0.0499835	-0.0104613
50.0%	0.0196092	-12.4333	0.0825151	0.0694164	0.104069	0.0743185	0.252632	0	0	0.0520731	na	20	1	0.128917	35	9.95789	0	9.86544	9.95789	9.81579	0.00761745	0.0449076	0.05	na	17	9	9.89474	0.0234101	0.05	na	na	na	na	na	na	9.81262	10.0196	10	9.98235	-0.000464754	-0.000787999	2.49168	0.104422	-0.197508	0.0175623	0.0524303	-0.000801285
75.0%	0.295446	-11.4437	0.346616	0.36033	0.436081	0.403787	1.67895	0	0	0.0638366	na	20	1	0.140589	39	11.2053	0	10.9929	11.2053	11.7184	0.11502	0.304749	0.05	na	20	11	11.3421	0.342471	0.05	na	na	na	na	na	na	11.3826	11.222	11.3567	11.3882	0.247262	0.252032	2.70654	0.233909	0.0356847	0.022687	0.0549241	0.0111928
90.0%	0.49869	-10.53	0.583539	0.578603	0.734241	0.690917	3.17895	0.025	0.0487805	0.0774396	na	20	1	0.149369	43	12.5684	0	12.1204	12.5684	13.9684	0.196775	0.555243	0.05	na	22	14	12.9474	0.653724	0.05	na	na	na	na	na	na	12.5602	12.4243	12.7895	12.8059	0.434084	0.46506	2.88514	0.340133	0.227442	0.0294737	0.0581765	0.0260223
95.0%	0.663772	-10.17	0.791457	0.738354	0.952059	0.830121	3.74737	0.030303	0.0588235	0.0881697	na	20	1	0.155618	46	13.1763	0	12.966	13.1763	15.7079	0.258432	0.663843	0.05	na	24	15	14.1316	0.91136	0.05	na	na	na	na	na	na	13.3452	13.4263	13.5351	13.6118	0.562306	0.553953	3.00795	0.435588	0.373321	0.0345152	0.0601826	0.0328691
97.5%	0.772516	-9.83185	0.895013	0.859365	1.0512	0.996705	4.34737	0.0333333	0.0645161	0.0953036	na	20	1	0.160108	47	13.7895	0	13.2479	13.7895	17.1211	0.304744	0.795583	0.05	na	26	16	14.7895	1.0978	0.05	na	na	na	na	na	na	14.1302	14.4282	14.4152	14.4765	0.663137	0.674306	3.15997	0.496368	0.552279	0.0386704	0.0624838	0.0389854
99.5%	0.884864	-8.77169	0.981824	0.993607	1.27306	1.16867	5.12632	0.0588235	0.111111	0.106689	na	20	1	0.16525	53	16.0316	0	14.9391	16.0316	18.8158	0.34167	0.901984	0.1	na	29	19	15.8947	1.30092	0.055	na	na	na	na	na	na	15.7002	15.6306	16.2456	16.2294	0.840903	1.04944	3.44	0.631321	0.806464	0.0534072	0.0661579	0.051091
99.95%	na	na	na	na	na	na	na	na	na	na	na	na	na	na	na	na	na	na	na	na	na	na	na	na	na	na	na	na	na	na	na	na	na	na	na	na	na	na	na	na	na	na	na	na	na	na	na

average

	TD[pop=0]	Fs[pop=0]	FDn[pop=0]	FFn[pop=0]	FD[pop=0]	FF[pop=0]	H[pop=0]	B[pop=0]	Q[pop=0]	ZnA[pop=0]	Fst[pop=0]	Kw[pop=0]	Hw[pop=0]	R2[pop=0]	S[pop=0]	piw[pop=0]	pib[pop=0]	ThetaW[pop=0]	ThetaT[pop=0]	ThetaFW[pop=0]	D_Dmin[pop=0]	H_norm[pop=0]	maxhap[pop=0]	maxhap1[pop=0]	Rm[pop=0]	ThetaFL[pop=0]	ThetaL[pop=0]	ZengE[pop=0]	EW[pop=0]	Fstw[pop=0]	minuiHS[pop=0]	maxuiHS[pop=0]	maxliES[pop=0]	fixoutg[pop=0]	KoutgJC[pop=0]	ThetaWA[pop=0]	ThetaWAn[pop=0]	ThetaTA[pop=0]	ThetaTAn[pop=0]	AchY[pop=0]	AchYn[pop=0]	msdev[pop=0]	mskew[pop=0]	mkurt[pop=0]	ragg[pop=0]	ZnS[pop=0]	ZZ[pop=0]
 0.05%	na	na	na	na	na	na	na	na	na	na	na	na	na	na	na	na	na	na	na	na	na	na	na	na	na	na	na	na	na	na	na	na	na	na	na	na	na	na	na	na	na	na	na	na	na	na	na
 0.5%	-0.984874	-18.1673	-1.22679	-1.23253	-1.36827	-1.34149	-7.97895	0	0	0.0237504	na	19	0.994737	0.085263	21	5.58421	0	5.91926	5.58421	3.11579	-0.390281	-1.42642	0.05	na	8	3	4.52632	-1.19253	0.05	na	na	na	na	na	na	5.49507	5.2102	5.23977	5.15882	-0.854897	-0.933638	1.76706	-0.287038	-0.768614	0.00808864	0.0423424	-0.0298529
 2.5%	-0.676285	-16.8586	-0.908735	-0.888976	-1.10978	-0.957319	-5.48421	0	0	0.0285158	na	20	1	0.0988182	24	6.11579	0	6.76487	6.11579	4.37368	-0.264945	-0.948648	0.05	na	10	4	5.47368	-1.0192	0.05	na	na	na	na	na	na	6.28008	6.41255	6.0117	5.93529	-0.678032	-0.687342	1.89889	-0.216151	-0.641071	0.00919668	0.045641	-0.024628
 5.0%	-0.553768	-16.1571	-0.702296	-0.668812	-0.855269	-0.794191	-3.89474	0	0	0.03205	na	20	1	0.104311	25	6.64474	0	7.04674	6.64474	4.97895	-0.217969	-0.650288	0.05	na	10	5	6.10526	-0.891273	0.05	na	na	na	na	na	na	6.67258	6.81333	6.42105	6.37353	-0.567421	-0.606787	2.01176	-0.170257	-0.570953	0.0098615	0.0467896	-0.0205924
10.0%	-0.434597	-15.0242	-0.525361	-0.477353	-0.620845	-0.576359	-2.8	0	0	0.0354471	na	20	1	0.109527	27	7.39474	0	7.61048	7.39474	6	-0.171454	-0.518187	0.05	na	12	6	7.02632	-0.661829	0.05	na	na	na	na	na	na	7.45759	7.6149	7.19298	7.17647	-0.480344	-0.473472	2.12399	-0.111311	-0.49624	0.0111911	0.0482021	-0.0175379
25.0%	-0.204463	-13.6858	-0.206205	-0.19261	-0.239693	-0.226836	-1.27895	0	0	0.0419705	na	20	1	0.119357	31	8.65789	0	8.73796	8.65789	7.55	-0.0798655	-0.221781	0.05	na	14	7	8.26316	-0.360204	0.05	na	na	na	na	na	na	8.63511	8.81725	8.73684	8.73529	-0.225408	-0.247797	2.29171	-0.0163024	-0.373739	0.0139058	0.0499835	-0.0104613
50.0%	0.0196092	-12.4333	0.0825151	0.0694164	0.104069	0.0743185	0.252632	0	0	0.0520731	na	20	1	0.128917	35	9.95789	0	9.86544	9.95789	9.81579	0.00761745	0.0449076	0.05	na	17	9	9.89474	0.0234101	0.05	na	na	na	na	na	na	9.81262	10.0196	10	9.98235	-0.000464754	-0.000787999	2.49168	0.104422	-0.197508	0.0175623	0.0524303	-0.000801285
75.0%	0.295446	-11.4437	0.346616	0.36033	0.436081	0.403787	1.67895	0	0	0.0638366	na	20	1	0.140589	39	11.2053	0	10.9929	11.2053	11.7184	0.11502	0.304749	0.05	na	20	11	11.3421	0.342471	0.05	na	na	na	na	na	na	11.3826	11.222	11.3567	11.3882	0.247262	0.252032	2.70654	0.233909	0.0356847	0.022687	0.0549241	0.0111928
90.0%	0.49869	-10.53	0.583539	0.578603	0.734241	0.690917	3.17895	0.025	0.0487805	0.0774396	na	20	1	0.149369	43	12.5684	0	12.1204	12.5684	13.9684	0.196775	0.555243	0.05	na	22	14	12.9474	0.653724	0.05	na	na	na	na	na	na	12.5602	12.4243	12.7895	12.8059	0.434084	0.46506	2.88514	0.340133	0.227442	0.0294737	0.0581765	0.0260223
95.0%	0.663772	-10.17	0.791457	0.738354	0.952059	0.830121	3.74737	0.030303	0.0588235	0.0881697	na	20	1	0.155618	46	13.1763	0	12.966	13.1763	15.7079	0.258432	0.663843	0.05	na	24	15	14.1316	0.91136	0.05	na	na	na	na	na	na	13.3452	13.4263	13.5351	13.6118	0.562306	0.553953	3.00795	0.435588	0.373321	0.0345152	0.0601826	0.0328691
97.5%	0.772516	-9.83185	0.895013	0.859365	1.0512	0.996705	4.34737	0.0333333	0.0645161	0.0953036	na	20	1	0.160108	47	13.7895	0	13.2479	13.7895	17.1211	0.304744	0.795583	0.05	na	26	16	14.7895	1.0978	0.05	na	na	na	na	na	na	14.1302	14.4282	14.4152	14.4765	0.663137	0.674306	3.15997	0.496368	0.552279	0.0386704	0.0624838	0.0389854
99.5%	0.884864	-8.77169	0.981824	0.993607	1.27306	1.16867	5.12632	0.0588235	0.111111	0.106689	na	20	1	0.16525	53	16.0316	0	14.9391	16.0316	18.8158	0.34167	0.901984	0.1	na	29	19	15.8947	1.30092	0.055	na	na	na	na	na	na	15.7002	15.6306	16.2456	16.2294	0.840903	1.04944	3.44	0.631321	0.806464	0.0534072	0.0661579	0.051091
99.95%	na	na	na	na	na	na	na	na	na	na	na	na	na	na	na	na	na	na	na	na	na	na	na	na	na	na	na	na	na	na	na	na	na	na	na	na	na	na	na	na	na	na	na	na	na	na	na

variance

	TD[pop=0]	Fs[pop=0]	FDn[pop=0]	FFn[pop=0]	FD[pop=0]	FF[pop=0]	H[pop=0]	B[pop=0]	Q[pop=0]	ZnA[pop=0]	Fst[pop=0]	Kw[pop=0]	Hw[pop=0]	R2[pop=0]	S[pop=0]	piw[pop=0]	pib[pop=0]	ThetaW[pop=0]	ThetaT[pop=0]	ThetaFW[pop=0]	D_Dmin[pop=0]	H_norm[pop=0]	maxhap[pop=0]	maxhap1[pop=0]	Rm[pop=0]	ThetaFL[pop=0]	ThetaL[pop=0]	ZengE[pop=0]	EW[pop=0]	Fstw[pop=0]	minuiHS[pop=0]	maxuiHS[pop=0]	maxliES[pop=0]	fixoutg[pop=0]	KoutgJC[pop=0]	ThetaWA[pop=0]	ThetaWAn[pop=0]	ThetaTA[pop=0]	ThetaTAn[pop=0]	AchY[pop=0]	AchYn[pop=0]	msdev[pop=0]	mskew[pop=0]	mkurt[pop=0]	ragg[pop=0]	ZnS[pop=0]	ZZ[pop=0]
 0.05%	na	na	na	na	na	na	na	na	na	na	na	na	na	na	na	na	na	na	na	na	na	na	na	na	na	na	na	na	na	na	na	na	na	na	na	na	na	na	na	na	na	na	na	na	na	na	na
 0.5%	na	na	na	na	na	na	na	na	na	na	na	na	na	na	na	na	na	na	na	na	na	na	na	na	na	na	na	na	na	na	na	na	na	na	na	na	na	na	na	na	na	na	na	na	na	na	na
 2.5%	na	na	na	na	na	na	na	na	na	na	na	na	na	na	na	na	na	na	na	na	na	na	na	na	na	na	na	na	na	na	na	na	na	na	na	na	na	na	na	na	na	na	na	na	na	na	na
 5.0%	na	na	na	na	na	na	na	na	na	na	na	na	na	na	na	na	na	na	na	na	na	na	na	na	na	na	na	na	na	na	na	na	na	na	na	na	na	na	na	na	na	na	na	na	na	na	na
10.0%	na	na	na	na	na	na	na	na	na	na	na	na	na	na	na	na	na	na	na	na	na	na	na	na	na	na	na	na	na	na	na	na	na	na	na	na	na	na	na	na	na	na	na	na	na	na	na
25.0%	na	na	na	na	na	na	na	na	na	na	na	na	na	na	na	na	na	na	na	na	na	na	na	na	na	na	na	na	na	na	na	na	na	na	na	na	na	na	na	na	na	na	na	na	na	na	na
50.0%	na	na	na	na	na	na	na	na	na	na	na	na	na	na	na	na	na	na	na	na	na	na	na	na	na	na	na	na	na	na	na	na	na	na	na	na	na	na	na	na	na	na	na	na	na	na	na
75.0%	na	na	na	na	na	na	na	na	na	na	na	na	na	na	na	na	na	na	na	na	na	na	na	na	na	na	na	na	na	na	na	na	na	na	na	na	na	na	na	na	na	na	na	na	na	na	na
90.0%	na	na	na	na	na	na	na	na	na	na	na	na	na	na	na	na	na	na	na	na	na	na	na	na	na	na	na	na	na	na	na	na	na	na	na	na	na	na	na	na	na	na	na	na	na	na	na
95.0%	na	na	na	na	na	na	na	na	na	na	na	na	na	na	na	na	na	na	na	na	na	na	na	na	na	na	na	na	na	na	na	na	na	na	na	na	na	na	na	na	na	na	na	na	na	na	na
97.5%	na	na	na	na	na	na	na	na	na	na	na	na	na	na	na	na	na	na	na	na	na	na	na	na	na	na	na	na	na	na	na	na	na	na	na	na	na	na	na	na	na	na	na	na	na	na	na
99.5%	na	na	na	na	na	na	na	na	na	na	na	na	na	na	na	na	na	na	na	na	na	na	na	na	na	na	na	na	na	na	na	na	na	na	na	na	na	na	na	na	na	na	na	na	na	na	na
99.95%	na	na	na	na	na	na	na	na	na	na	na	na	na	na	na	na	na	na	na	na	na	na	na	na	na	na	na	na	na	na	na	na	na	na	na	na	na	na	na	na	na	na	na	na	na	na	na