
"Prior referred to parameter theta"
Nprior:                          14
Prior_file:                     ./prior014.txt

Prior distribution values:
0.0515303
0.0171449
0.0092313
0.0033073
0.000708462
0.00257945
0.0100394
0.00648437
0.069066
0.0126326
0.000959647
0.0234836
0.0645589
0.0116228
0.00939053
0.00374619
0.000205998
0.020274
0.00302206
0.0139684
0.036844
0.031977
0.0253135
0.00780582
0.0152651
0.0096895
0.00812898
0.00757645
0.000265033
0.0149153
0.0423378
0.0511464
0.00223143
0.00792837
0.0255818
0.00608129
0.00650059
0.00395137
0.0251789
0.0108958
0.00352823
0.0433237
0.0430117
0.00227839
0.0104186
0.0411958
0.0137673
0.070106
0.00509013
0.00238555
0.00878907
0.00672971
0.0328348
0.00932043
0.00211489
0.0127444
0.00264847
0.00850351
0.0239114
0.0202254
0.106023
0.07438
0.00443173
0.00168435
0.0176714
0.0574615
0.00571192
0.00706435
0.00217778
0.00814616
0.0124329
0.00581936
0.012334
0.00175225
0.00476496
0.0034199
0.00785646
0.0739354
0.00693357
0.004883
0.00762589
0.00432723
0.107987
0.0204336
0.0426551
0.0130979
0.00835682
0.0448908
0.0121412
0.0584867
0.0555489
0.0186712
0.0998225
0.0167741
0.00189222
0.00600617
0.01113
0.00300225
0.00615118
0.0267759

