
"Prior referred to parameter pop_event"
Nprior:                          3
Prior_file:                     ./prior003.txt

Prior distribution values:
22.0454
0.721501
0.313703
187.068
19.0303
90.6663
265.732
94.1427
2.24425
3.08083
0.601455
52.6337
0.102447
54.9212
0.366022
326.132
4.88358
1.24594
155.596
665.129
827.901
137.639
0.485667
3.59496
20.8393
0.40414
196.538
10.3674
286.064
0.124253
49.5021
38.6914
4.48921
31.9535
496.538
0.154327
0.167172
2.00014
555.489
4.36237
0.107097
0.375837
102.237
0.226096
7.02389
0.256168
0.169179
1.11056
0.212295
0.259711
14.689
65.7049
35.9765
0.11812
101.563
1.11879
21.4958
25.602
127.184
0.171124
92.6848
3.87273
73.6079
743.586
322.137
196.173
218.281
20.2241
1.96184
0.22016
32.4417
3.18139
1.07137
18.8679
296.713
5.32137
20.0517
0.282514
759.835
47.3189
8.47005
243.776
17.1748
6.68429
0.128167
3.16827
194.153
520.228
0.182826
19.0991
167.665
0.107219
79.6459
3.82859
0.900433
284.463
416.248
0.829978
434.465
0.125216

