
"Prior referred to parameter theta"
Nprior:                          8
Prior_file:                     ./prior008.txt

Prior distribution values:
0.0640774
0.0338966
0.00898282
0.0314915
0.00684435
0.010852
0.0387407
0.00934082
0.0556271
0.0315881
0.0032968
0.0338219
0.0624965
0.022739
0.00675115
0.0041411
0.00199716
0.0419185
0.0126809
0.0527709
0.0679729
0.0542529
0.0551673
0.0304559
0.0593077
0.0246418
0.0388948
0.0660734
0.00244628
0.0378251
0.0374062
0.0538469
0.0184493
0.0503863
0.0337758
0.00484573
0.0252682
0.0378129
0.0249364
0.065152
0.020249
0.0510722
0.0220702
0.00403005
0.0402796
0.0707394
0.0200997
0.074362
0.0124366
0.0137301
0.064356
0.0492607
0.0174735
0.0194105
0.0196335
0.0628734
0.0164854
0.0101367
0.0603756
0.0616288
0.0551608
0.0663702
0.0137808
0.00604627
0.0316235
0.0490783
0.00626517
0.0292904
0.00897236
0.0450361
0.0710472
0.0122629
0.0498509
0.00327477
0.017747
0.0149008
0.0627798
0.053137
0.00356332
0.0115633
0.0547285
0.039257
0.0745635
0.0631472
0.027635
0.040069
0.0647904
0.0327868
0.0706473
0.0740032
0.0362317
0.0284709
0.064967
0.0457746
0.00981302
0.0315933
0.046841
0.0145389
0.0384383
0.0215533

