

Number of valid iterations:
	TD[pop=0]	Fs[pop=0]	FDn[pop=0]	FFn[pop=0]	FD[pop=0]	FF[pop=0]	H[pop=0]	B[pop=0]	Q[pop=0]	ZnA[pop=0]	Fst[pop=0]	Kw[pop=0]	Hw[pop=0]	R2[pop=0]	S[pop=0]	piw[pop=0]	pib[pop=0]	ThetaW[pop=0]	ThetaT[pop=0]	ThetaFW[pop=0]	D_Dmin[pop=0]	H_norm[pop=0]	maxhap[pop=0]	maxhap1[pop=0]	Rm[pop=0]	ThetaFL[pop=0]	ThetaL[pop=0]	ZengE[pop=0]	EW[pop=0]	Fstw[pop=0]	minuiHS[pop=0]	maxuiHS[pop=0]	maxliES[pop=0]	fixoutg[pop=0]	KoutgJC[pop=0]	ThetaWA[pop=0]	ThetaWAn[pop=0]	ThetaTA[pop=0]	ThetaTAn[pop=0]	AchY[pop=0]	AchYn[pop=0]	msdev[pop=0]	mskew[pop=0]	mkurt[pop=0]	ragg[pop=0]	ZnS[pop=0]	ZZ[pop=0]
locus_0	100	100	100	100	100	100	100	100	100	100	0	100	100	100	100	100	100	100	100	100	100	100	100	0	100	100	100	100	100	0	0	0	0	0	0	100	100	100	100	100	100	100	100	100	100	100	100
average	100	100	100	100	100	100	100	100	100	100	0	100	100	100	100	100	100	100	100	100	100	100	100	0	100	100	100	100	100	0	0	0	0	0	0	100	100	100	100	100	100	100	100	100	100	100	100
variance	0	0	0	0	0	0	0	0	0	0	0	0	0	0	0	0	0	0	0	0	0	0	0	0	0	0	0	0	0	0	0	0	0	0	0	0	0	0	0	0	0	0	0	0	0	0	0

PERCENTILES:

locus_0

	TD[pop=0]	Fs[pop=0]	FDn[pop=0]	FFn[pop=0]	FD[pop=0]	FF[pop=0]	H[pop=0]	B[pop=0]	Q[pop=0]	ZnA[pop=0]	Fst[pop=0]	Kw[pop=0]	Hw[pop=0]	R2[pop=0]	S[pop=0]	piw[pop=0]	pib[pop=0]	ThetaW[pop=0]	ThetaT[pop=0]	ThetaFW[pop=0]	D_Dmin[pop=0]	H_norm[pop=0]	maxhap[pop=0]	maxhap1[pop=0]	Rm[pop=0]	ThetaFL[pop=0]	ThetaL[pop=0]	ZengE[pop=0]	EW[pop=0]	Fstw[pop=0]	minuiHS[pop=0]	maxuiHS[pop=0]	maxliES[pop=0]	fixoutg[pop=0]	KoutgJC[pop=0]	ThetaWA[pop=0]	ThetaWAn[pop=0]	ThetaTA[pop=0]	ThetaTAn[pop=0]	AchY[pop=0]	AchYn[pop=0]	msdev[pop=0]	mskew[pop=0]	mkurt[pop=0]	ragg[pop=0]	ZnS[pop=0]	ZZ[pop=0]
 0.05%	na	na	na	na	na	na	na	na	na	na	na	na	na	na	na	na	na	na	na	na	na	na	na	na	na	na	na	na	na	na	na	na	na	na	na	na	na	na	na	na	na	na	na	na	na	na	na
 0.5%	na	na	na	na	na	na	na	na	na	na	na	na	na	na	na	na	na	na	na	na	na	na	na	na	na	na	na	na	na	na	na	na	na	na	na	na	na	na	na	na	na	na	na	na	na	na	na
 2.5%	-1.51086	-13.5388	-2.30328	-2.07367	-2.63278	-2.23847	-35.581	0.0201005	0.03	0.0553436	na	34	0.955758	0.0511369	200	21.2261	0	38.6296	21.2261	11.4661	-0.502562	-1.55111	0.05	na	0	17	19.596	-1.50877	0.0226	na	na	na	na	na	na	30.1625	30.2356	20.7817	20.786	-1.65751	-1.67436	12.4717	-0.864177	-1.92914	0.00186418	0.0522475	-0.0319182
 5.0%	-1.34437	-10.7885	-1.90821	-1.7009	-2.18617	-1.83783	-29.2964	0.0201005	0.0325	0.0574225	na	40.5	0.961616	0.0560813	200	23.1438	0	38.6296	23.1438	12.8056	-0.447183	-1.27714	0.05	na	0	18.5	20.7222	-1.4195	0.0236	na	na	na	na	na	na	31.5988	31.6754	22.4934	22.498	-1.41176	-1.42735	14.3342	-0.779244	-1.89645	0.00201071	0.0540126	-0.0262328
10.0%	-1.16417	-8.83346	-1.0193	-1.29348	-1.18131	-1.40035	-22.1729	0.0276382	0.045	0.0613401	na	43.5	0.963737	0.0606628	200	25.2196	0	38.6296	25.2196	14.3029	-0.387241	-0.966599	0.055	na	0	24	21.7576	-1.33742	0.0249	na	na	na	na	na	na	34.8305	34.9149	24.4819	24.4869	-1.13583	-1.15	15.2998	-0.678271	-1.8492	0.00236988	0.0653882	-0.0231728
25.0%	-0.712167	-4.0442	-0.591303	-0.62103	-0.697482	-0.681138	-6.57253	0.0351759	0.06	0.0774531	na	48	0.973333	0.0742555	200	30.4262	0	38.6296	30.4262	19.9611	-0.236891	-0.286521	0.06	na	0	31	27.0556	-0.91746	0.0265	na	na	na	na	na	na	36.3865	36.4747	30.256	30.2623	-0.749289	-0.761451	18.3551	-0.330672	-1.69011	0.0027922	0.0800003	-0.00863119
50.0%	-0.370544	-1.40053	-0.0645419	-0.177919	-0.102005	-0.210561	9.4301	0.0628141	0.085	0.112561	na	53	0.979899	0.0839584	200	34.3613	0	38.6296	34.3613	32.7554	-0.123255	0.411093	0.075	na	0	40	33.8687	-0.377392	0.0299	na	na	na	na	na	na	38.3015	38.3944	34.1934	34.2004	-0.276565	-0.286232	24.4827	-0.0893559	-1.3266	0.00399492	0.11215	0.0016619
75.0%	0.425263	0.615158	0.528065	0.379503	0.567906	0.391671	16.1448	0.105528	0.1275	0.160931	na	56	0.983333	0.107216	200	43.5282	0	38.6296	43.5282	45.3817	0.141457	0.703813	0.09	na	0	48	42.5808	0.313208	0.0364	na	na	na	na	na	na	40.456	40.5541	43.7226	43.7316	0.471734	0.465911	32.2717	0.454318	-0.852101	0.00562073	0.160027	0.0101051
90.0%	1.13842	4.44891	0.988981	1.04139	1.08895	1.09412	20.1006	0.155779	0.175	0.215868	na	59	0.985051	0.128152	200	51.743	0	38.6296	51.743	56.8842	0.378677	0.876259	0.12	na	0	57	51.9091	1.05265	0.0462	na	na	na	na	na	na	42.1317	42.2338	52.2884	52.2992	1.1252	1.12277	42.1998	0.9635	-0.192244	0.00727469	0.216921	0.0227561
95.0%	1.57352	9.93008	1.35113	1.53135	1.49834	1.61703	20.9889	0.193467	0.205	0.280012	na	62	0.986263	0.140952	200	56.7549	0	38.6296	56.7549	59.648	0.523406	0.914983	0.14	na	0	68	55.2374	1.31648	0.048	na	na	na	na	na	na	43.4483	43.5536	57.4234	57.4353	1.45547	1.45476	44.6931	1.07174	0.72022	0.009214	0.273207	0.0258645
97.5%	1.94894	16.5223	1.4499	1.90106	1.60999	2.01304	25.7693	0.246231	0.265	0.334739	na	63	0.987273	0.151467	200	61.0794	0	38.6296	61.0794	83.9285	0.648284	1.12338	0.16	na	0	74	57.2727	1.47782	0.0538	na	na	na	na	na	na	43.8074	43.9136	61.8153	61.828	1.59621	1.59623	51.7065	1.4296	2.32546	0.0103763	0.318855	0.0285499
99.5%	na	na	na	na	na	na	na	na	na	na	na	na	na	na	na	na	na	na	na	na	na	na	na	na	na	na	na	na	na	na	na	na	na	na	na	na	na	na	na	na	na	na	na	na	na	na	na
99.95%	na	na	na	na	na	na	na	na	na	na	na	na	na	na	na	na	na	na	na	na	na	na	na	na	na	na	na	na	na	na	na	na	na	na	na	na	na	na	na	na	na	na	na	na	na	na	na

average

	TD[pop=0]	Fs[pop=0]	FDn[pop=0]	FFn[pop=0]	FD[pop=0]	FF[pop=0]	H[pop=0]	B[pop=0]	Q[pop=0]	ZnA[pop=0]	Fst[pop=0]	Kw[pop=0]	Hw[pop=0]	R2[pop=0]	S[pop=0]	piw[pop=0]	pib[pop=0]	ThetaW[pop=0]	ThetaT[pop=0]	ThetaFW[pop=0]	D_Dmin[pop=0]	H_norm[pop=0]	maxhap[pop=0]	maxhap1[pop=0]	Rm[pop=0]	ThetaFL[pop=0]	ThetaL[pop=0]	ZengE[pop=0]	EW[pop=0]	Fstw[pop=0]	minuiHS[pop=0]	maxuiHS[pop=0]	maxliES[pop=0]	fixoutg[pop=0]	KoutgJC[pop=0]	ThetaWA[pop=0]	ThetaWAn[pop=0]	ThetaTA[pop=0]	ThetaTAn[pop=0]	AchY[pop=0]	AchYn[pop=0]	msdev[pop=0]	mskew[pop=0]	mkurt[pop=0]	ragg[pop=0]	ZnS[pop=0]	ZZ[pop=0]
 0.05%	na	na	na	na	na	na	na	na	na	na	na	na	na	na	na	na	na	na	na	na	na	na	na	na	na	na	na	na	na	na	na	na	na	na	na	na	na	na	na	na	na	na	na	na	na	na	na
 0.5%	na	na	na	na	na	na	na	na	na	na	na	na	na	na	na	na	na	na	na	na	na	na	na	na	na	na	na	na	na	na	na	na	na	na	na	na	na	na	na	na	na	na	na	na	na	na	na
 2.5%	-1.51086	-13.5388	-2.30328	-2.07367	-2.63278	-2.23847	-35.581	0.0201005	0.03	0.0553436	na	34	0.955758	0.0511369	200	21.2261	0	38.6296	21.2261	11.4661	-0.502562	-1.55111	0.05	na	0	17	19.596	-1.50877	0.0226	na	na	na	na	na	na	30.1625	30.2356	20.7817	20.786	-1.65751	-1.67436	12.4717	-0.864177	-1.92914	0.00186418	0.0522475	-0.0319182
 5.0%	-1.34437	-10.7885	-1.90821	-1.7009	-2.18617	-1.83783	-29.2964	0.0201005	0.0325	0.0574225	na	40.5	0.961616	0.0560813	200	23.1438	0	38.6296	23.1438	12.8056	-0.447183	-1.27714	0.05	na	0	18.5	20.7222	-1.4195	0.0236	na	na	na	na	na	na	31.5988	31.6754	22.4934	22.498	-1.41176	-1.42735	14.3342	-0.779244	-1.89645	0.00201071	0.0540126	-0.0262328
10.0%	-1.16417	-8.83346	-1.0193	-1.29348	-1.18131	-1.40035	-22.1729	0.0276382	0.045	0.0613401	na	43.5	0.963737	0.0606628	200	25.2196	0	38.6296	25.2196	14.3029	-0.387241	-0.966599	0.055	na	0	24	21.7576	-1.33742	0.0249	na	na	na	na	na	na	34.8305	34.9149	24.4819	24.4869	-1.13583	-1.15	15.2998	-0.678271	-1.8492	0.00236988	0.0653882	-0.0231728
25.0%	-0.712167	-4.0442	-0.591303	-0.62103	-0.697482	-0.681138	-6.57253	0.0351759	0.06	0.0774531	na	48	0.973333	0.0742555	200	30.4262	0	38.6296	30.4262	19.9611	-0.236891	-0.286521	0.06	na	0	31	27.0556	-0.91746	0.0265	na	na	na	na	na	na	36.3865	36.4747	30.256	30.2623	-0.749289	-0.761451	18.3551	-0.330672	-1.69011	0.0027922	0.0800003	-0.00863119
50.0%	-0.370544	-1.40053	-0.0645419	-0.177919	-0.102005	-0.210561	9.4301	0.0628141	0.085	0.112561	na	53	0.979899	0.0839584	200	34.3613	0	38.6296	34.3613	32.7554	-0.123255	0.411093	0.075	na	0	40	33.8687	-0.377392	0.0299	na	na	na	na	na	na	38.3015	38.3944	34.1934	34.2004	-0.276565	-0.286232	24.4827	-0.0893559	-1.3266	0.00399492	0.11215	0.0016619
75.0%	0.425263	0.615158	0.528065	0.379503	0.567906	0.391671	16.1448	0.105528	0.1275	0.160931	na	56	0.983333	0.107216	200	43.5282	0	38.6296	43.5282	45.3817	0.141457	0.703813	0.09	na	0	48	42.5808	0.313208	0.0364	na	na	na	na	na	na	40.456	40.5541	43.7226	43.7316	0.471734	0.465911	32.2717	0.454318	-0.852101	0.00562073	0.160027	0.0101051
90.0%	1.13842	4.44891	0.988981	1.04139	1.08895	1.09412	20.1006	0.155779	0.175	0.215868	na	59	0.985051	0.128152	200	51.743	0	38.6296	51.743	56.8842	0.378677	0.876259	0.12	na	0	57	51.9091	1.05265	0.0462	na	na	na	na	na	na	42.1317	42.2338	52.2884	52.2992	1.1252	1.12277	42.1998	0.9635	-0.192244	0.00727469	0.216921	0.0227561
95.0%	1.57352	9.93008	1.35113	1.53135	1.49834	1.61703	20.9889	0.193467	0.205	0.280012	na	62	0.986263	0.140952	200	56.7549	0	38.6296	56.7549	59.648	0.523406	0.914983	0.14	na	0	68	55.2374	1.31648	0.048	na	na	na	na	na	na	43.4483	43.5536	57.4234	57.4353	1.45547	1.45476	44.6931	1.07174	0.72022	0.009214	0.273207	0.0258645
97.5%	1.94894	16.5223	1.4499	1.90106	1.60999	2.01304	25.7693	0.246231	0.265	0.334739	na	63	0.987273	0.151467	200	61.0794	0	38.6296	61.0794	83.9285	0.648284	1.12338	0.16	na	0	74	57.2727	1.47782	0.0538	na	na	na	na	na	na	43.8074	43.9136	61.8153	61.828	1.59621	1.59623	51.7065	1.4296	2.32546	0.0103763	0.318855	0.0285499
99.5%	na	na	na	na	na	na	na	na	na	na	na	na	na	na	na	na	na	na	na	na	na	na	na	na	na	na	na	na	na	na	na	na	na	na	na	na	na	na	na	na	na	na	na	na	na	na	na
99.95%	na	na	na	na	na	na	na	na	na	na	na	na	na	na	na	na	na	na	na	na	na	na	na	na	na	na	na	na	na	na	na	na	na	na	na	na	na	na	na	na	na	na	na	na	na	na	na

variance

	TD[pop=0]	Fs[pop=0]	FDn[pop=0]	FFn[pop=0]	FD[pop=0]	FF[pop=0]	H[pop=0]	B[pop=0]	Q[pop=0]	ZnA[pop=0]	Fst[pop=0]	Kw[pop=0]	Hw[pop=0]	R2[pop=0]	S[pop=0]	piw[pop=0]	pib[pop=0]	ThetaW[pop=0]	ThetaT[pop=0]	ThetaFW[pop=0]	D_Dmin[pop=0]	H_norm[pop=0]	maxhap[pop=0]	maxhap1[pop=0]	Rm[pop=0]	ThetaFL[pop=0]	ThetaL[pop=0]	ZengE[pop=0]	EW[pop=0]	Fstw[pop=0]	minuiHS[pop=0]	maxuiHS[pop=0]	maxliES[pop=0]	fixoutg[pop=0]	KoutgJC[pop=0]	ThetaWA[pop=0]	ThetaWAn[pop=0]	ThetaTA[pop=0]	ThetaTAn[pop=0]	AchY[pop=0]	AchYn[pop=0]	msdev[pop=0]	mskew[pop=0]	mkurt[pop=0]	ragg[pop=0]	ZnS[pop=0]	ZZ[pop=0]
 0.05%	na	na	na	na	na	na	na	na	na	na	na	na	na	na	na	na	na	na	na	na	na	na	na	na	na	na	na	na	na	na	na	na	na	na	na	na	na	na	na	na	na	na	na	na	na	na	na
 0.5%	na	na	na	na	na	na	na	na	na	na	na	na	na	na	na	na	na	na	na	na	na	na	na	na	na	na	na	na	na	na	na	na	na	na	na	na	na	na	na	na	na	na	na	na	na	na	na
 2.5%	na	na	na	na	na	na	na	na	na	na	na	na	na	na	na	na	na	na	na	na	na	na	na	na	na	na	na	na	na	na	na	na	na	na	na	na	na	na	na	na	na	na	na	na	na	na	na
 5.0%	na	na	na	na	na	na	na	na	na	na	na	na	na	na	na	na	na	na	na	na	na	na	na	na	na	na	na	na	na	na	na	na	na	na	na	na	na	na	na	na	na	na	na	na	na	na	na
10.0%	na	na	na	na	na	na	na	na	na	na	na	na	na	na	na	na	na	na	na	na	na	na	na	na	na	na	na	na	na	na	na	na	na	na	na	na	na	na	na	na	na	na	na	na	na	na	na
25.0%	na	na	na	na	na	na	na	na	na	na	na	na	na	na	na	na	na	na	na	na	na	na	na	na	na	na	na	na	na	na	na	na	na	na	na	na	na	na	na	na	na	na	na	na	na	na	na
50.0%	na	na	na	na	na	na	na	na	na	na	na	na	na	na	na	na	na	na	na	na	na	na	na	na	na	na	na	na	na	na	na	na	na	na	na	na	na	na	na	na	na	na	na	na	na	na	na
75.0%	na	na	na	na	na	na	na	na	na	na	na	na	na	na	na	na	na	na	na	na	na	na	na	na	na	na	na	na	na	na	na	na	na	na	na	na	na	na	na	na	na	na	na	na	na	na	na
90.0%	na	na	na	na	na	na	na	na	na	na	na	na	na	na	na	na	na	na	na	na	na	na	na	na	na	na	na	na	na	na	na	na	na	na	na	na	na	na	na	na	na	na	na	na	na	na	na
95.0%	na	na	na	na	na	na	na	na	na	na	na	na	na	na	na	na	na	na	na	na	na	na	na	na	na	na	na	na	na	na	na	na	na	na	na	na	na	na	na	na	na	na	na	na	na	na	na
97.5%	na	na	na	na	na	na	na	na	na	na	na	na	na	na	na	na	na	na	na	na	na	na	na	na	na	na	na	na	na	na	na	na	na	na	na	na	na	na	na	na	na	na	na	na	na	na	na
99.5%	na	na	na	na	na	na	na	na	na	na	na	na	na	na	na	na	na	na	na	na	na	na	na	na	na	na	na	na	na	na	na	na	na	na	na	na	na	na	na	na	na	na	na	na	na	na	na
99.95%	na	na	na	na	na	na	na	na	na	na	na	na	na	na	na	na	na	na	na	na	na	na	na	na	na	na	na	na	na	na	na	na	na	na	na	na	na	na	na	na	na	na	na	na	na	na	na