OBSERVED VALUES
	TD[pop=0]	Fs[pop=0]	FDn[pop=0]	FFn[pop=0]	FD[pop=0]	FF[pop=0]	H[pop=0]	B[pop=0]	Q[pop=0]	ZnA[pop=0]	Fst[pop=0]	Kw[pop=0]	Hw[pop=0]	R2[pop=0]	S[pop=0]	piw[pop=0]	pib[pop=0]	ThetaW[pop=0]	ThetaT[pop=0]	ThetaFW[pop=0]	D_Dmin[pop=0]	H_norm[pop=0]	maxhap[pop=0]	maxhap1[pop=0]	Rm[pop=0]	ThetaFL[pop=0]	ThetaL[pop=0]	ZengE[pop=0]	EW[pop=0]	Fstw[pop=0]	minuiHS[pop=0]	maxuiHS[pop=0]	maxliES[pop=0]	fixoutg[pop=0]	KoutgJC[pop=0]	ThetaWA[pop=0]	ThetaWAn[pop=0]	ThetaTA[pop=0]	ThetaTAn[pop=0]	AchY[pop=0]	AchYn[pop=0]	msdev[pop=0]	mskew[pop=0]	mkurt[pop=0]	ragg[pop=0]	ZnS[pop=0]	ZZ[pop=0]
locus_0	1.75	x	x	x	x	x	x	x	x	x	x	x	x	0.11	x	x	x	x	x	x	x	x	x	x	x	x	x	x	x	x	x	x	x	x	x	x	x	x	x	x	x	x	x	x	x	x	x
average	1.75	x	x	x	x	x	x	x	x	x	x	x	x	0.11	x	x	x	x	x	x	x	x	x	x	x	x	x	x	x	x	x	x	x	x	x	x	x	x	x	x	x	x	x	x	x	x	x
variance	na	x	x	x	x	x	x	x	x	x	x	x	x	na	x	x	x	x	x	x	x	x	x	x	x	x	x	x	x	x	x	x	x	x	x	x	x	x	x	x	x	x	x	x	x	x	x

PROBABILITY THAT SIMULATED VALUES BE SMALLER OR EQUAL THAN THE OBSERVED VALUE. P(Sim <= Obs): ACCURACY OF +- 1e-6
	TD[pop=0]	Fs[pop=0]	FDn[pop=0]	FFn[pop=0]	FD[pop=0]	FF[pop=0]	H[pop=0]	B[pop=0]	Q[pop=0]	ZnA[pop=0]	Fst[pop=0]	Kw[pop=0]	Hw[pop=0]	R2[pop=0]	S[pop=0]	piw[pop=0]	pib[pop=0]	ThetaW[pop=0]	ThetaT[pop=0]	ThetaFW[pop=0]	D_Dmin[pop=0]	H_norm[pop=0]	maxhap[pop=0]	maxhap1[pop=0]	Rm[pop=0]	ThetaFL[pop=0]	ThetaL[pop=0]	ZengE[pop=0]	EW[pop=0]	Fstw[pop=0]	minuiHS[pop=0]	maxuiHS[pop=0]	maxliES[pop=0]	fixoutg[pop=0]	KoutgJC[pop=0]	ThetaWA[pop=0]	ThetaWAn[pop=0]	ThetaTA[pop=0]	ThetaTAn[pop=0]	AchY[pop=0]	AchYn[pop=0]	msdev[pop=0]	mskew[pop=0]	mkurt[pop=0]	ragg[pop=0]	ZnS[pop=0]	ZZ[pop=0]
locus_0	0.984286	na	na	na	na	na	na	na	na	na	na	na	na	0.264286	na	na	na	na	na	na	na	na	na	na	na	na	na	na	na	na	na	na	na	na	na	na	na	na	na	na	na	na	na	na	na	na	na
average	0.984286	na	na	na	na	na	na	na	na	na	na	na	na	0.264286	na	na	na	na	na	na	na	na	na	na	na	na	na	na	na	na	na	na	na	na	na	na	na	na	na	na	na	na	na	na	na	na	na
variance	na	na	na	na	na	na	na	na	na	na	na	na	na	na	na	na	na	na	na	na	na	na	na	na	na	na	na	na	na	na	na	na	na	na	na	na	na	na	na	na	na	na	na	na	na	na	na

PROBABILITY THAT SIMULATED VALUES BE EQUAL THAN THE OBSERVED VALUE. P(Sim = Obs): ACCURACY OF +- 1e-6
	TD[pop=0]	Fs[pop=0]	FDn[pop=0]	FFn[pop=0]	FD[pop=0]	FF[pop=0]	H[pop=0]	B[pop=0]	Q[pop=0]	ZnA[pop=0]	Fst[pop=0]	Kw[pop=0]	Hw[pop=0]	R2[pop=0]	S[pop=0]	piw[pop=0]	pib[pop=0]	ThetaW[pop=0]	ThetaT[pop=0]	ThetaFW[pop=0]	D_Dmin[pop=0]	H_norm[pop=0]	maxhap[pop=0]	maxhap1[pop=0]	Rm[pop=0]	ThetaFL[pop=0]	ThetaL[pop=0]	ZengE[pop=0]	EW[pop=0]	Fstw[pop=0]	minuiHS[pop=0]	maxuiHS[pop=0]	maxliES[pop=0]	fixoutg[pop=0]	KoutgJC[pop=0]	ThetaWA[pop=0]	ThetaWAn[pop=0]	ThetaTA[pop=0]	ThetaTAn[pop=0]	AchY[pop=0]	AchYn[pop=0]	msdev[pop=0]	mskew[pop=0]	mkurt[pop=0]	ragg[pop=0]	ZnS[pop=0]	ZZ[pop=0]
locus_0	0	na	na	na	na	na	na	na	na	na	na	na	na	0	na	na	na	na	na	na	na	na	na	na	na	na	na	na	na	na	na	na	na	na	na	na	na	na	na	na	na	na	na	na	na	na	na
average	0	na	na	na	na	na	na	na	na	na	na	na	na	0	na	na	na	na	na	na	na	na	na	na	na	na	na	na	na	na	na	na	na	na	na	na	na	na	na	na	na	na	na	na	na	na	na
variance	na	na	na	na	na	na	na	na	na	na	na	na	na	na	na	na	na	na	na	na	na	na	na	na	na	na	na	na	na	na	na	na	na	na	na	na	na	na	na	na	na	na	na	na	na	na	na

Number of valid iterations:
	TD[pop=0]	Fs[pop=0]	FDn[pop=0]	FFn[pop=0]	FD[pop=0]	FF[pop=0]	H[pop=0]	B[pop=0]	Q[pop=0]	ZnA[pop=0]	Fst[pop=0]	Kw[pop=0]	Hw[pop=0]	R2[pop=0]	S[pop=0]	piw[pop=0]	pib[pop=0]	ThetaW[pop=0]	ThetaT[pop=0]	ThetaFW[pop=0]	D_Dmin[pop=0]	H_norm[pop=0]	maxhap[pop=0]	maxhap1[pop=0]	Rm[pop=0]	ThetaFL[pop=0]	ThetaL[pop=0]	ZengE[pop=0]	EW[pop=0]	Fstw[pop=0]	minuiHS[pop=0]	maxuiHS[pop=0]	maxliES[pop=0]	fixoutg[pop=0]	KoutgJC[pop=0]	ThetaWA[pop=0]	ThetaWAn[pop=0]	ThetaTA[pop=0]	ThetaTAn[pop=0]	AchY[pop=0]	AchYn[pop=0]	msdev[pop=0]	mskew[pop=0]	mkurt[pop=0]	ragg[pop=0]	ZnS[pop=0]	ZZ[pop=0]
locus_0	700	700	700	700	700	700	700	700	700	700	0	700	700	700	700	700	700	700	700	700	700	700	700	0	700	700	700	700	700	0	0	0	0	0	0	700	700	700	700	700	700	700	700	700	700	700	700
average	700	700	700	700	700	700	700	700	700	700	0	700	700	700	700	700	700	700	700	700	700	700	700	0	700	700	700	700	700	0	0	0	0	0	0	700	700	700	700	700	700	700	700	700	700	700	700
variance	0	0	0	0	0	0	0	0	0	0	0	0	0	0	0	0	0	0	0	0	0	0	0	0	0	0	0	0	0	0	0	0	0	0	0	0	0	0	0	0	0	0	0	0	0	0	0

PERCENTILES:

locus_0

	TD[pop=0]	Fs[pop=0]	FDn[pop=0]	FFn[pop=0]	FD[pop=0]	FF[pop=0]	H[pop=0]	B[pop=0]	Q[pop=0]	ZnA[pop=0]	Fst[pop=0]	Kw[pop=0]	Hw[pop=0]	R2[pop=0]	S[pop=0]	piw[pop=0]	pib[pop=0]	ThetaW[pop=0]	ThetaT[pop=0]	ThetaFW[pop=0]	D_Dmin[pop=0]	H_norm[pop=0]	maxhap[pop=0]	maxhap1[pop=0]	Rm[pop=0]	ThetaFL[pop=0]	ThetaL[pop=0]	ZengE[pop=0]	EW[pop=0]	Fstw[pop=0]	minuiHS[pop=0]	maxuiHS[pop=0]	maxliES[pop=0]	fixoutg[pop=0]	KoutgJC[pop=0]	ThetaWA[pop=0]	ThetaWAn[pop=0]	ThetaTA[pop=0]	ThetaTAn[pop=0]	AchY[pop=0]	AchYn[pop=0]	msdev[pop=0]	mskew[pop=0]	mkurt[pop=0]	ragg[pop=0]	ZnS[pop=0]	ZZ[pop=0]
 0.05%	na	na	na	na	na	na	na	na	na	na	na	na	na	na	na	na	na	na	na	na	na	na	na	na	na	na	na	na	na	na	na	na	na	na	na	na	na	na	na	na	na	na	na	na	na	na	na
 0.5%	-2.07772	-3.75654	-3.17572	-2.95359	-2.78835	-2.66836	-255.484	0.0353982	0.0546218	0.0881624	na	15	0.957895	0.0716254	143	31.0789	0	40.3074	31.0789	13.1211	-0.77061	-3.23131	0.05	na	0	29	22.8947	-2.08614	0.05	na	na	na	na	na	na	25.9053	25.6502	25.1754	22.1294	-2.31982	-2.14971	14.5593	-1.40003	-2.00604	0.00393352	0.105133	-0.0372403
 2.5%	-1.76953	-2.90062	-2.56439	-2.45767	-2.4357	-2.17651	-151.379	0.0521327	0.0791789	0.113484	na	15	0.968421	0.0819209	173	40.0526	0	48.7634	40.0526	17.8158	-0.658362	-2.21411	0.05	na	0	41	30.3684	-1.74539	0.05	na	na	na	na	na	na	36.1104	32.8643	33.0175	31.8294	-1.89598	-1.65674	18.9108	-1.00084	-1.9843	0.00520776	0.116551	-0.0275953
 5.0%	-1.50856	-2.30637	-2.10348	-2.01113	-1.97162	-1.89098	-95.9316	0.0602712	0.0861009	0.130024	na	16	0.973684	0.0865722	194.5	44.7079	0	54.8236	44.7079	24.3184	-0.559957	-1.64748	0.05	na	0	48	36.2632	-1.60498	0.05	na	na	na	na	na	na	42.9793	38.8761	38.386	36.0912	-1.63971	-1.44235	22.3825	-0.902253	-1.95453	0.00592798	0.130301	-0.0226577
10.0%	-1.19811	-1.75048	-1.48277	-1.44504	-1.5988	-1.55248	-65.6263	0.071318	0.0960474	0.141131	na	17	0.978947	0.0939551	224	51.0868	0	63.1388	51.0868	32.3289	-0.444468	-1.10343	0.05	na	0	54	43.3684	-1.39198	0.05	na	na	na	na	na	na	51.4181	46.491	44.848	43.2618	-1.26973	-1.1807	28.356	-0.725906	-1.9093	0.00707756	0.142182	-0.0174371
25.0%	-0.713889	-0.744172	-0.557042	-0.59754	-0.803379	-0.796083	-9.86316	0.0938066	0.118243	0.181063	na	18	0.984211	0.108363	268.5	66.6737	0	75.682	66.6737	48.5421	-0.266057	-0.173757	0.1	na	0	70	60.9737	-0.907359	0.055	na	na	na	na	na	na	67.7071	66.3298	62.4678	61.8441	-0.658908	-0.61746	41.4887	-0.430502	-1.75708	0.00930748	0.179751	-0.00838392
50.0%	-0.0799309	0.452281	0.0416992	0.0260809	-0.0627908	-0.0477283	18.8579	0.138993	0.16	0.236151	na	18	0.989474	0.127125	335	90.0974	0	94.4263	90.0974	76.8342	-0.0296864	0.392679	0.1	na	0	91	86.5	-0.270828	0.06	na	na	na	na	na	na	90.8649	90.1765	87.0205	86.9971	-0.00622875	0.00410352	61.2132	-0.125966	-1.48207	0.0126316	0.233677	0.000160047
75.0%	0.548141	1.64491	0.565494	0.555724	0.618992	0.596912	32.4684	0.218654	0.231096	0.308441	na	19	0.994737	0.149742	414	121.411	0	116.694	121.411	131.039	0.203746	0.71969	0.1	na	0	121	128.579	0.398479	0.065	na	na	na	na	na	na	121.48	122.84	124.623	125.356	0.5877	0.567039	90.7172	0.286211	-0.952072	0.018338	0.30478	0.0107474
90.0%	1.08495	2.83183	0.882564	0.93241	1.03181	1.04096	44.9368	0.309633	0.322679	0.390511	na	20	1	0.167743	500	158.974	0	140.935	158.974	180.2	0.402476	0.90026	0.15	na	0	157	166.421	1.00728	0.07	na	na	na	na	na	na	158.572	161.917	167.304	168.288	1.05173	1.03826	126.472	0.873663	-0.0477504	0.0259003	0.393477	0.0189529
95.0%	1.36077	3.98272	1.02403	1.08333	1.21713	1.22624	51.7526	0.363057	0.374385	0.459484	na	20	1	0.179874	576.5	187.958	0	162.498	187.958	227.795	0.504738	0.995704	0.15	na	0	192	187.711	1.35046	0.075	na	na	na	na	na	na	180.356	184.16	199.933	201.109	1.35469	1.34865	148.536	1.33025	0.76626	0.0319529	0.453522	0.0250134
97.5%	1.59098	5.04858	1.11353	1.21475	1.3343	1.37445	58.7684	0.425532	0.43804	0.506328	na	20	1	0.185834	631	203.753	0	177.86	203.753	269.695	0.590119	1.10764	0.15	na	0	223	222.684	1.5812	0.08	na	na	na	na	na	na	198.607	202.797	216.503	217.776	1.51455	1.51266	171.046	1.83756	2.75879	0.0371468	0.506067	0.0312112
99.5%	2.07207	8.20302	1.30117	1.43935	1.5775	1.65049	72.4947	0.546189	0.551326	0.599018	na	20	1	0.204381	805	307.647	0	226.905	307.647	374.626	0.770686	1.21686	0.2	na	0	288	311.526	2.02222	0.09	na	na	na	na	na	na	266.118	271.732	328.497	330.429	1.89632	1.91447	265.017	2.44033	4.46244	0.0473684	0.587752	0.0418388
99.95%	na	na	na	na	na	na	na	na	na	na	na	na	na	na	na	na	na	na	na	na	na	na	na	na	na	na	na	na	na	na	na	na	na	na	na	na	na	na	na	na	na	na	na	na	na	na	na

average

	TD[pop=0]	Fs[pop=0]	FDn[pop=0]	FFn[pop=0]	FD[pop=0]	FF[pop=0]	H[pop=0]	B[pop=0]	Q[pop=0]	ZnA[pop=0]	Fst[pop=0]	Kw[pop=0]	Hw[pop=0]	R2[pop=0]	S[pop=0]	piw[pop=0]	pib[pop=0]	ThetaW[pop=0]	ThetaT[pop=0]	ThetaFW[pop=0]	D_Dmin[pop=0]	H_norm[pop=0]	maxhap[pop=0]	maxhap1[pop=0]	Rm[pop=0]	ThetaFL[pop=0]	ThetaL[pop=0]	ZengE[pop=0]	EW[pop=0]	Fstw[pop=0]	minuiHS[pop=0]	maxuiHS[pop=0]	maxliES[pop=0]	fixoutg[pop=0]	KoutgJC[pop=0]	ThetaWA[pop=0]	ThetaWAn[pop=0]	ThetaTA[pop=0]	ThetaTAn[pop=0]	AchY[pop=0]	AchYn[pop=0]	msdev[pop=0]	mskew[pop=0]	mkurt[pop=0]	ragg[pop=0]	ZnS[pop=0]	ZZ[pop=0]
 0.05%	na	na	na	na	na	na	na	na	na	na	na	na	na	na	na	na	na	na	na	na	na	na	na	na	na	na	na	na	na	na	na	na	na	na	na	na	na	na	na	na	na	na	na	na	na	na	na
 0.5%	-2.07772	-3.75654	-3.17572	-2.95359	-2.78835	-2.66836	-255.484	0.0353982	0.0546218	0.0881624	na	15	0.957895	0.0716254	143	31.0789	0	40.3074	31.0789	13.1211	-0.77061	-3.23131	0.05	na	0	29	22.8947	-2.08614	0.05	na	na	na	na	na	na	25.9053	25.6502	25.1754	22.1294	-2.31982	-2.14971	14.5593	-1.40003	-2.00604	0.00393352	0.105133	-0.0372403
 2.5%	-1.76953	-2.90062	-2.56439	-2.45767	-2.4357	-2.17651	-151.379	0.0521327	0.0791789	0.113484	na	15	0.968421	0.0819209	173	40.0526	0	48.7634	40.0526	17.8158	-0.658362	-2.21411	0.05	na	0	41	30.3684	-1.74539	0.05	na	na	na	na	na	na	36.1104	32.8643	33.0175	31.8294	-1.89598	-1.65674	18.9108	-1.00084	-1.9843	0.00520776	0.116551	-0.0275953
 5.0%	-1.50856	-2.30637	-2.10348	-2.01113	-1.97162	-1.89098	-95.9316	0.0602712	0.0861009	0.130024	na	16	0.973684	0.0865722	194.5	44.7079	0	54.8236	44.7079	24.3184	-0.559957	-1.64748	0.05	na	0	48	36.2632	-1.60498	0.05	na	na	na	na	na	na	42.9793	38.8761	38.386	36.0912	-1.63971	-1.44235	22.3825	-0.902253	-1.95453	0.00592798	0.130301	-0.0226577
10.0%	-1.19811	-1.75048	-1.48277	-1.44504	-1.5988	-1.55248	-65.6263	0.071318	0.0960474	0.141131	na	17	0.978947	0.0939551	224	51.0868	0	63.1388	51.0868	32.3289	-0.444468	-1.10343	0.05	na	0	54	43.3684	-1.39198	0.05	na	na	na	na	na	na	51.4181	46.491	44.848	43.2618	-1.26973	-1.1807	28.356	-0.725906	-1.9093	0.00707756	0.142182	-0.0174371
25.0%	-0.713889	-0.744172	-0.557042	-0.59754	-0.803379	-0.796083	-9.86316	0.0938066	0.118243	0.181063	na	18	0.984211	0.108363	268.5	66.6737	0	75.682	66.6737	48.5421	-0.266057	-0.173757	0.1	na	0	70	60.9737	-0.907359	0.055	na	na	na	na	na	na	67.7071	66.3298	62.4678	61.8441	-0.658908	-0.61746	41.4887	-0.430502	-1.75708	0.00930748	0.179751	-0.00838392
50.0%	-0.0799309	0.452281	0.0416992	0.0260809	-0.0627908	-0.0477283	18.8579	0.138993	0.16	0.236151	na	18	0.989474	0.127125	335	90.0974	0	94.4263	90.0974	76.8342	-0.0296864	0.392679	0.1	na	0	91	86.5	-0.270828	0.06	na	na	na	na	na	na	90.8649	90.1765	87.0205	86.9971	-0.00622875	0.00410352	61.2132	-0.125966	-1.48207	0.0126316	0.233677	0.000160047
75.0%	0.548141	1.64491	0.565494	0.555724	0.618992	0.596912	32.4684	0.218654	0.231096	0.308441	na	19	0.994737	0.149742	414	121.411	0	116.694	121.411	131.039	0.203746	0.71969	0.1	na	0	121	128.579	0.398479	0.065	na	na	na	na	na	na	121.48	122.84	124.623	125.356	0.5877	0.567039	90.7172	0.286211	-0.952072	0.018338	0.30478	0.0107474
90.0%	1.08495	2.83183	0.882564	0.93241	1.03181	1.04096	44.9368	0.309633	0.322679	0.390511	na	20	1	0.167743	500	158.974	0	140.935	158.974	180.2	0.402476	0.90026	0.15	na	0	157	166.421	1.00728	0.07	na	na	na	na	na	na	158.572	161.917	167.304	168.288	1.05173	1.03826	126.472	0.873663	-0.0477504	0.0259003	0.393477	0.0189529
95.0%	1.36077	3.98272	1.02403	1.08333	1.21713	1.22624	51.7526	0.363057	0.374385	0.459484	na	20	1	0.179874	576.5	187.958	0	162.498	187.958	227.795	0.504738	0.995704	0.15	na	0	192	187.711	1.35046	0.075	na	na	na	na	na	na	180.356	184.16	199.933	201.109	1.35469	1.34865	148.536	1.33025	0.76626	0.0319529	0.453522	0.0250134
97.5%	1.59098	5.04858	1.11353	1.21475	1.3343	1.37445	58.7684	0.425532	0.43804	0.506328	na	20	1	0.185834	631	203.753	0	177.86	203.753	269.695	0.590119	1.10764	0.15	na	0	223	222.684	1.5812	0.08	na	na	na	na	na	na	198.607	202.797	216.503	217.776	1.51455	1.51266	171.046	1.83756	2.75879	0.0371468	0.506067	0.0312112
99.5%	2.07207	8.20302	1.30117	1.43935	1.5775	1.65049	72.4947	0.546189	0.551326	0.599018	na	20	1	0.204381	805	307.647	0	226.905	307.647	374.626	0.770686	1.21686	0.2	na	0	288	311.526	2.02222	0.09	na	na	na	na	na	na	266.118	271.732	328.497	330.429	1.89632	1.91447	265.017	2.44033	4.46244	0.0473684	0.587752	0.0418388
99.95%	na	na	na	na	na	na	na	na	na	na	na	na	na	na	na	na	na	na	na	na	na	na	na	na	na	na	na	na	na	na	na	na	na	na	na	na	na	na	na	na	na	na	na	na	na	na	na

variance

	TD[pop=0]	Fs[pop=0]	FDn[pop=0]	FFn[pop=0]	FD[pop=0]	FF[pop=0]	H[pop=0]	B[pop=0]	Q[pop=0]	ZnA[pop=0]	Fst[pop=0]	Kw[pop=0]	Hw[pop=0]	R2[pop=0]	S[pop=0]	piw[pop=0]	pib[pop=0]	ThetaW[pop=0]	ThetaT[pop=0]	ThetaFW[pop=0]	D_Dmin[pop=0]	H_norm[pop=0]	maxhap[pop=0]	maxhap1[pop=0]	Rm[pop=0]	ThetaFL[pop=0]	ThetaL[pop=0]	ZengE[pop=0]	EW[pop=0]	Fstw[pop=0]	minuiHS[pop=0]	maxuiHS[pop=0]	maxliES[pop=0]	fixoutg[pop=0]	KoutgJC[pop=0]	ThetaWA[pop=0]	ThetaWAn[pop=0]	ThetaTA[pop=0]	ThetaTAn[pop=0]	AchY[pop=0]	AchYn[pop=0]	msdev[pop=0]	mskew[pop=0]	mkurt[pop=0]	ragg[pop=0]	ZnS[pop=0]	ZZ[pop=0]
 0.05%	na	na	na	na	na	na	na	na	na	na	na	na	na	na	na	na	na	na	na	na	na	na	na	na	na	na	na	na	na	na	na	na	na	na	na	na	na	na	na	na	na	na	na	na	na	na	na
 0.5%	na	na	na	na	na	na	na	na	na	na	na	na	na	na	na	na	na	na	na	na	na	na	na	na	na	na	na	na	na	na	na	na	na	na	na	na	na	na	na	na	na	na	na	na	na	na	na
 2.5%	na	na	na	na	na	na	na	na	na	na	na	na	na	na	na	na	na	na	na	na	na	na	na	na	na	na	na	na	na	na	na	na	na	na	na	na	na	na	na	na	na	na	na	na	na	na	na
 5.0%	na	na	na	na	na	na	na	na	na	na	na	na	na	na	na	na	na	na	na	na	na	na	na	na	na	na	na	na	na	na	na	na	na	na	na	na	na	na	na	na	na	na	na	na	na	na	na
10.0%	na	na	na	na	na	na	na	na	na	na	na	na	na	na	na	na	na	na	na	na	na	na	na	na	na	na	na	na	na	na	na	na	na	na	na	na	na	na	na	na	na	na	na	na	na	na	na
25.0%	na	na	na	na	na	na	na	na	na	na	na	na	na	na	na	na	na	na	na	na	na	na	na	na	na	na	na	na	na	na	na	na	na	na	na	na	na	na	na	na	na	na	na	na	na	na	na
50.0%	na	na	na	na	na	na	na	na	na	na	na	na	na	na	na	na	na	na	na	na	na	na	na	na	na	na	na	na	na	na	na	na	na	na	na	na	na	na	na	na	na	na	na	na	na	na	na
75.0%	na	na	na	na	na	na	na	na	na	na	na	na	na	na	na	na	na	na	na	na	na	na	na	na	na	na	na	na	na	na	na	na	na	na	na	na	na	na	na	na	na	na	na	na	na	na	na
90.0%	na	na	na	na	na	na	na	na	na	na	na	na	na	na	na	na	na	na	na	na	na	na	na	na	na	na	na	na	na	na	na	na	na	na	na	na	na	na	na	na	na	na	na	na	na	na	na
95.0%	na	na	na	na	na	na	na	na	na	na	na	na	na	na	na	na	na	na	na	na	na	na	na	na	na	na	na	na	na	na	na	na	na	na	na	na	na	na	na	na	na	na	na	na	na	na	na
97.5%	na	na	na	na	na	na	na	na	na	na	na	na	na	na	na	na	na	na	na	na	na	na	na	na	na	na	na	na	na	na	na	na	na	na	na	na	na	na	na	na	na	na	na	na	na	na	na
99.5%	na	na	na	na	na	na	na	na	na	na	na	na	na	na	na	na	na	na	na	na	na	na	na	na	na	na	na	na	na	na	na	na	na	na	na	na	na	na	na	na	na	na	na	na	na	na	na
99.95%	na	na	na	na	na	na	na	na	na	na	na	na	na	na	na	na	na	na	na	na	na	na	na	na	na	na	na	na	na	na	na	na	na	na	na	na	na	na	na	na	na	na	na	na	na	na	na